This is XeTeX, Version 3.14159265-2.6-0.99998 (TeX Live 2017) (preloaded format=xelatex 2017.9.14)  14 OCT 2017 10:34
entering extended mode
 restricted \write18 enabled.
 %&-line parsing enabled.
**paper.tex
(/usr/local/texlive/2017/texmf-dist/tex/latex/tools/x.tex
! Interruption.
<to be read again> 
                   \begingroup 
l.1 
    %%
? x
 
Here is how much of TeX's memory you used:
 6 strings out of 493613
 174 string characters out of 6152674
 57859 words of memory out of 5000000
 4007 multiletter control sequences out of 15000+600000
 3640 words of font info for 14 fonts, out of 8000000 for 9000
 1050 hyphenation exceptions out of 8191
 3i,0n,1p,16b,6s stack positions out of 5000i,500n,10000p,200000b,80000s
No pages of output.
